<?xml version="1.0" encoding="UTF-8"?>
<!-- Generated by org.testng.reporters.JUnitXMLReporter -->
<testsuite hostname="Alexandrs-MacBook-Air.local" ignored="13" name="RegressionTest" tests="5" failures="2" timestamp="2020-11-26T00:54:00 EET" time="0.254" errors="0">
  <testcase name="validLogin" time="0.026" classname="com.syntax.class01.HrmsTestCases">
    <failure type="java.lang.NullPointerException">
      <![CDATA[java.lang.NullPointerException
at com.syntax.class01.HrmsTestCases.validLogin(HrmsTestCases.java:23)
at java.util.ArrayList.forEach(ArrayList.java:1257)
... Removed 27 stack frames]]>
    </failure>
  </testcase> <!-- validLogin -->
  <testcase name="sayHaveAGoodDay" time="0.008" classname="com.syntax.class01.TaskTestNG"/>
  <testcase name="validLogin" time="0.002" classname="com.syntax.class01.TestCasesHRMS">
    <failure type="java.lang.NullPointerException">
      <![CDATA[java.lang.NullPointerException
at com.syntax.class01.TestCasesHRMS.validLogin(TestCasesHRMS.java:30)
at java.util.ArrayList.forEach(ArrayList.java:1257)
... Removed 27 stack frames]]>
    </failure>
  </testcase> <!-- validLogin -->
  <testcase name="test2" time="0.002" classname="com.syntax.class01.TaskWithAnnotations"/>
  <testcase name="login" time="0.002" classname="com.syntax.class01.TestNGDependencies"/>
  <testcase name="testMethodThree" time="0.0" classname="com.syntax.class01.DifferentAnnotations">
    <ignored/>
  </testcase> <!-- testMethodThree -->
  <testcase name="testMethod" time="0.0" classname="com.syntax.class01.DifferentAnnotations">
    <ignored/>
  </testcase> <!-- testMethod -->
  <testcase name="checkReport" time="0.0" classname="com.syntax.class01.TestNGDependencies">
    <ignored/>
  </testcase> <!-- checkReport -->
  <testcase name="invalidLogin" time="0.0" classname="com.syntax.class01.TestCasesHRMS">
    <ignored/>
  </testcase> <!-- invalidLogin -->
  <testcase name="testTwo" time="0.0" classname="com.syntax.class01.TestNGIntro">
    <ignored/>
  </testcase> <!-- testTwo -->
  <testcase name="sayGoodMorning" time="0.0" classname="com.syntax.class01.TaskTestNG">
    <ignored/>
  </testcase> <!-- sayGoodMorning -->
  <testcase name="testThree" time="0.0" classname="com.syntax.class01.TestNGIntro">
    <ignored/>
  </testcase> <!-- testThree -->
  <testcase name="sayHello" time="0.0" classname="com.syntax.class01.TaskTestNG">
    <ignored/>
  </testcase> <!-- sayHello -->
  <testcase name="testFour" time="0.0" classname="com.syntax.class01.TestNGIntro">
    <ignored/>
  </testcase> <!-- testFour -->
  <testcase name="titleValidation" time="0.0" classname="com.syntax.class01.HrmsTestCases">
    <ignored/>
  </testcase> <!-- titleValidation -->
  <testcase name="test1" time="0.0" classname="com.syntax.class01.TaskWithAnnotations">
    <ignored/>
  </testcase> <!-- test1 -->
  <testcase name="testMethodTwo" time="0.0" classname="com.syntax.class01.DifferentAnnotations">
    <ignored/>
  </testcase> <!-- testMethodTwo -->
  <testcase name="testOne" time="0.0" classname="com.syntax.class01.TestNGIntro">
    <ignored/>
  </testcase> <!-- testOne -->
</testsuite> <!-- RegressionTest -->
