<?xml version="1.0" encoding="UTF-8"?>
<!-- Generated by org.testng.reporters.JUnitXMLReporter -->
<testsuite hostname="Alexandrs-MacBook-Air.local" ignored="28" name="SmokeTest" tests="1" failures="1" timestamp="2020-09-05T18:20:18 EEST" time="0.089" errors="0">
  <testcase name="validLogin" time="0.019" classname="com.syntax.class02.IssueWithoutAssertion">
    <failure type="java.lang.NullPointerException">
      <![CDATA[java.lang.NullPointerException
at com.syntax.class02.IssueWithoutAssertion.validLogin(IssueWithoutAssertion.java:25)
at java.util.ArrayList.forEach(ArrayList.java:1257)
... Removed 27 stack frames]]>
    </failure>
  </testcase> <!-- validLogin -->
  <testcase name="test2" time="0.0" classname="com.syntax.class01.TaskWithAnnotations">
    <ignored/>
  </testcase> <!-- test2 -->
  <testcase name="verifyInfo" time="0.0" classname="com.syntax.class02.AddEmployeeTask">
    <ignored/>
  </testcase> <!-- verifyInfo -->
  <testcase name="loginPannelText" time="0.0" classname="com.syntax.class02.SolutionWithHardAssertion">
    <ignored/>
  </testcase> <!-- loginPannelText -->
  <testcase name="logoValidation" time="0.0" classname="com.syntax.class02.SolutionWithHardAssertion">
    <ignored/>
  </testcase> <!-- logoValidation -->
  <testcase name="testMethod" time="0.0" classname="com.syntax.class01.DifferentAnnotations">
    <ignored/>
  </testcase> <!-- testMethod -->
  <testcase name="checkReport" time="0.0" classname="com.syntax.class01.TestNGDependencies">
    <ignored/>
  </testcase> <!-- checkReport -->
  <testcase name="titleValidation" time="0.0" classname="com.syntax.class02.IssueWithoutAssertion">
    <ignored/>
  </testcase> <!-- titleValidation -->
  <testcase name="invalidLogin" time="0.0" classname="com.syntax.class02.Dependancy">
    <ignored/>
  </testcase> <!-- invalidLogin -->
  <testcase name="sayHaveAGoodDay" time="0.0" classname="com.syntax.class01.TaskTestNG">
    <ignored/>
  </testcase> <!-- sayHaveAGoodDay -->
  <testcase name="sayGoodMorning" time="0.0" classname="com.syntax.class01.TaskTestNG">
    <ignored/>
  </testcase> <!-- sayGoodMorning -->
  <testcase name="validLogin" time="0.0" classname="com.syntax.class02.Dependancy">
    <ignored/>
  </testcase> <!-- validLogin -->
  <testcase name="sayHello" time="0.0" classname="com.syntax.class01.TaskTestNG">
    <ignored/>
  </testcase> <!-- sayHello -->
  <testcase name="login" time="0.0" classname="com.syntax.class01.TestNGDependencies">
    <ignored/>
  </testcase> <!-- login -->
  <testcase name="testFour" time="0.0" classname="com.syntax.class01.TestNGIntro">
    <ignored/>
  </testcase> <!-- testFour -->
  <testcase name="testOne" time="0.0" classname="com.syntax.class01.TestNGIntro">
    <ignored/>
  </testcase> <!-- testOne -->
  <testcase name="testMethod" time="0.0" classname="com.syntax.class02.AllAnotations">
    <ignored/>
  </testcase> <!-- testMethod -->
  <testcase name="titleValidation" time="0.0" classname="com.syntax.class02.SolutionWithHardAssertion">
    <ignored/>
  </testcase> <!-- titleValidation -->
  <testcase name="testMethodThree" time="0.0" classname="com.syntax.class01.DifferentAnnotations">
    <ignored/>
  </testcase> <!-- testMethodThree -->
  <testcase name="invalidLogin" time="0.0" classname="com.syntax.class01.TestCasesHRMS">
    <ignored/>
  </testcase> <!-- invalidLogin -->
  <testcase name="validLogin" time="0.0" classname="com.syntax.class01.HrmsTestCases">
    <ignored/>
  </testcase> <!-- validLogin -->
  <testcase name="invalidLogin" time="0.0" classname="com.syntax.class02.SoftAssertion">
    <ignored/>
  </testcase> <!-- invalidLogin -->
  <testcase name="testTwo" time="0.0" classname="com.syntax.class01.TestNGIntro">
    <ignored/>
  </testcase> <!-- testTwo -->
  <testcase name="validLogin" time="0.0" classname="com.syntax.class01.TestCasesHRMS">
    <ignored/>
  </testcase> <!-- validLogin -->
  <testcase name="testThree" time="0.0" classname="com.syntax.class01.TestNGIntro">
    <ignored/>
  </testcase> <!-- testThree -->
  <testcase name="titleValidation" time="0.0" classname="com.syntax.class01.HrmsTestCases">
    <ignored/>
  </testcase> <!-- titleValidation -->
  <testcase name="titleValidation" time="0.0" classname="com.syntax.class02.Dependancy">
    <ignored/>
  </testcase> <!-- titleValidation -->
  <testcase name="testMethodTwo" time="0.0" classname="com.syntax.class01.DifferentAnnotations">
    <ignored/>
  </testcase> <!-- testMethodTwo -->
  <testcase name="test1" time="0.0" classname="com.syntax.class01.TaskWithAnnotations">
    <ignored/>
  </testcase> <!-- test1 -->
</testsuite> <!-- SmokeTest -->
