<?xml version="1.0" encoding="UTF-8"?>
<!-- Generated by org.testng.reporters.JUnitXMLReporter -->
<testsuite hostname="Alexandrs-MacBook-Air.local" ignored="0" name="Default test" tests="4" failures="0" timestamp="2020-08-29T18:16:54 EEST" time="0.079" errors="0">
  <testcase name="testFour" time="0.01" classname="com.syntax.class01.TestNGIntro"/>
  <testcase name="testOne" time="0.001" classname="com.syntax.class01.TestNGIntro"/>
  <testcase name="testThree" time="0.001" classname="com.syntax.class01.TestNGIntro"/>
  <testcase name="testTwo" time="0.003" classname="com.syntax.class01.TestNGIntro"/>
</testsuite> <!-- Default test -->
