<?xml version="1.0" encoding="UTF-8"?>
<!-- Generated by org.testng.reporters.JUnitXMLReporter -->
<testsuite hostname="Alexandrs-MacBook-Air.local" ignored="0" name="Test" tests="3" failures="0" timestamp="2020-08-30T21:22:28 EEST" time="0.062" errors="0">
  <testcase name="testMethod" time="0.008" classname="com.syntax.class02.AllAnotations"/>
  <testcase name="testMethodThree" time="0.002" classname="com.syntax.class02.AllAnotations"/>
  <testcase name="testMethodTwo" time="0.002" classname="com.syntax.class02.AllAnotations"/>
</testsuite> <!-- Test -->
