<?xml version="1.0" encoding="UTF-8"?>
<!-- Generated by org.testng.reporters.JUnitXMLReporter -->
<testsuite hostname="Alexandrs-MacBook-Air.local" ignored="0" name="LoginTest" tests="5" failures="0" timestamp="2020-09-04T13:40:03 EEST" time="50.96" errors="0">
  <testcase name="multiLogin" time="3.47" classname="com.syntax.class03.LoginWithDataProvider"/>
  <testcase name="multiLogin" time="3.375" classname="com.syntax.class03.LoginWithDataProvider"/>
  <testcase name="multiLogin" time="3.132" classname="com.syntax.class03.LoginWithDataProvider"/>
  <testcase name="multiLogin" time="2.983" classname="com.syntax.class03.LoginWithDataProvider"/>
  <testcase name="multiLogin" time="3.857" classname="com.syntax.class03.LoginWithDataProvider"/>
</testsuite> <!-- LoginTest -->
