<?xml version="1.0" encoding="UTF-8"?>
<!-- Generated by org.testng.reporters.JUnitXMLReporter -->
<testsuite hostname="Alexandrs-MacBook-Air.local" ignored="0" name="Login Test" tests="5" failures="0" timestamp="2020-09-05T18:40:13 EEST" time="52.123" errors="0">
  <testcase name="multiLogin" time="3.299" classname="com.syntax.class03.LoginWithDataProvider"/>
  <testcase name="multiLogin" time="3.09" classname="com.syntax.class03.LoginWithDataProvider"/>
  <testcase name="multiLogin" time="2.94" classname="com.syntax.class03.LoginWithDataProvider"/>
  <testcase name="multiLogin" time="3.032" classname="com.syntax.class03.LoginWithDataProvider"/>
  <testcase name="multiLogin" time="3.398" classname="com.syntax.class03.LoginWithDataProvider"/>
</testsuite> <!-- Login Test -->
